<?xml version="1.0" encoding="UTF-8"?>
<!-- Generated by org.testng.reporters.JUnitReportReporter -->
<testsuite name="Selinium.com.testng.XmlDemo" tests="1" time="0.015" ignored="0" failures="0" timestamp="04 Oct 2019 17:23:46 GMT" skipped="0" hostname="HP" errors="0">
  <testcase name="displayResult" time="0.015" classname="Selinium.com.testng.XmlDemo"/>
</testsuite> <!-- Selinium.com.testng.XmlDemo -->
