<?xml version="1.0" encoding="UTF-8"?>
<!-- Generated by org.testng.reporters.JUnitReportReporter -->
<testsuite name="demotestng1" tests="1" time="0.023" ignored="0" failures="0" timestamp="24 Sep 2019 10:06:14 GMT" skipped="0" hostname="HP" errors="0">
  <testcase name="userlogin" time="0.023" classname="demotestng1"/>
</testsuite> <!-- demotestng1 -->
