<?xml version="1.0" encoding="UTF-8"?>
<!-- Generated by org.testng.reporters.JUnitReportReporter -->
<testsuite name="Selinium.com.testng.TestPrameters" tests="2" time="0.057" ignored="0" failures="0" timestamp="26 Sep 2019 05:46:46 GMT" skipped="0" hostname="HP" errors="0">
  <testcase name="testCaseOne" time="0.055" classname="Selinium.com.testng.TestPrameters"/>
  <testcase name="testCaseTwo" time="0.002" classname="Selinium.com.testng.TestPrameters"/>
</testsuite> <!-- Selinium.com.testng.TestPrameters -->
