<?xml version="1.0" encoding="UTF-8"?>
<!-- Generated by org.testng.reporters.JUnitReportReporter -->
<testsuite name="Selinium.com.testng.Example1" tests="1" time="60.840" ignored="0" failures="0" timestamp="25 Sep 2019 16:47:51 GMT" skipped="0" hostname="HP" errors="0">
  <testcase name="verify" time="60.840" classname="Selinium.com.testng.Example1"/>
</testsuite> <!-- Selinium.com.testng.Example1 -->
